[INFO] [2016-03-21 13:30:59][org.springframework.web.context.ContextLoader]Root WebApplicationContext: initialization started
[INFO] [2016-03-21 13:30:59][org.springframework.web.context.support.XmlWebApplicationContext]Refreshing Root WebApplicationContext: startup date [Mon Mar 21 13:30:59 GMT+08:00 2016]; root of context hierarchy
[INFO] [2016-03-21 13:30:59][org.springframework.beans.factory.xml.XmlBeanDefinitionReader]Loading XML bean definitions from class path resource [spring-mybatis.xml]
[INFO] [2016-03-21 13:31:00][org.springframework.beans.factory.config.PropertyPlaceholderConfigurer]Loading properties file from class path resource [jdbc.properties]
[INFO] [2016-03-21 13:31:00][org.springframework.web.context.ContextLoader]Root WebApplicationContext: initialization completed in 1565 ms
[INFO] [2016-03-21 13:31:01][org.springframework.web.servlet.DispatcherServlet]FrameworkServlet 'SpringMVC': initialization started
[INFO] [2016-03-21 13:31:01][org.springframework.web.context.support.XmlWebApplicationContext]Refreshing WebApplicationContext for namespace 'SpringMVC-servlet': startup date [Mon Mar 21 13:31:01 GMT+08:00 2016]; parent: Root WebApplicationContext
[INFO] [2016-03-21 13:31:01][org.springframework.beans.factory.xml.XmlBeanDefinitionReader]Loading XML bean definitions from class path resource [spring-mvc.xml]
[INFO] [2016-03-21 13:31:02][org.springframework.web.servlet.DispatcherServlet]FrameworkServlet 'SpringMVC': initialization completed in 1376 ms
[INFO] [2016-03-21 13:56:27][org.springframework.web.context.ContextLoader]Root WebApplicationContext: initialization started
[INFO] [2016-03-21 13:56:27][org.springframework.web.context.support.XmlWebApplicationContext]Refreshing Root WebApplicationContext: startup date [Mon Mar 21 13:56:27 GMT+08:00 2016]; root of context hierarchy
[INFO] [2016-03-21 13:56:27][org.springframework.beans.factory.xml.XmlBeanDefinitionReader]Loading XML bean definitions from class path resource [spring-mybatis.xml]
[WARN] [2016-03-21 13:56:27][org.mybatis.spring.mapper.ClassPathMapperScanner]No MyBatis mapper was found in '[com.oep.ldw.dao]' package. Please check your configuration.
[INFO] [2016-03-21 13:56:27][org.springframework.beans.factory.config.PropertyPlaceholderConfigurer]Loading properties file from class path resource [jdbc.properties]
[INFO] [2016-03-21 13:56:27][org.springframework.web.context.ContextLoader]Root WebApplicationContext: initialization completed in 762 ms
[INFO] [2016-03-21 13:56:27][org.springframework.web.servlet.DispatcherServlet]FrameworkServlet 'SpringMVC': initialization started
[INFO] [2016-03-21 13:56:27][org.springframework.web.context.support.XmlWebApplicationContext]Refreshing WebApplicationContext for namespace 'SpringMVC-servlet': startup date [Mon Mar 21 13:56:27 GMT+08:00 2016]; parent: Root WebApplicationContext
[INFO] [2016-03-21 13:56:27][org.springframework.beans.factory.xml.XmlBeanDefinitionReader]Loading XML bean definitions from class path resource [spring-mvc.xml]
[INFO] [2016-03-21 13:56:28][org.springframework.web.servlet.DispatcherServlet]FrameworkServlet 'SpringMVC': initialization completed in 840 ms
[INFO] [2016-03-21 14:35:30][org.springframework.web.context.ContextLoader]Root WebApplicationContext: initialization started
[INFO] [2016-03-21 14:35:30][org.springframework.web.context.support.XmlWebApplicationContext]Refreshing Root WebApplicationContext: startup date [Mon Mar 21 14:35:30 GMT+08:00 2016]; root of context hierarchy
[INFO] [2016-03-21 14:35:30][org.springframework.beans.factory.xml.XmlBeanDefinitionReader]Loading XML bean definitions from class path resource [spring-mybatis.xml]
[WARN] [2016-03-21 14:35:31][org.mybatis.spring.mapper.ClassPathMapperScanner]No MyBatis mapper was found in '[com.oep.ldw.dao]' package. Please check your configuration.
[INFO] [2016-03-21 14:35:31][org.springframework.beans.factory.config.PropertyPlaceholderConfigurer]Loading properties file from class path resource [jdbc.properties]
[INFO] [2016-03-21 14:35:31][org.springframework.web.context.ContextLoader]Root WebApplicationContext: initialization completed in 1269 ms
[INFO] [2016-03-21 14:35:31][org.springframework.web.servlet.DispatcherServlet]FrameworkServlet 'SpringMVC': initialization started
[INFO] [2016-03-21 14:35:31][org.springframework.web.context.support.XmlWebApplicationContext]Refreshing WebApplicationContext for namespace 'SpringMVC-servlet': startup date [Mon Mar 21 14:35:31 GMT+08:00 2016]; parent: Root WebApplicationContext
[INFO] [2016-03-21 14:35:31][org.springframework.beans.factory.xml.XmlBeanDefinitionReader]Loading XML bean definitions from class path resource [spring-mvc.xml]
[INFO] [2016-03-21 14:35:32][org.springframework.web.servlet.DispatcherServlet]FrameworkServlet 'SpringMVC': initialization completed in 879 ms
[INFO] [2016-03-21 15:28:03][org.springframework.web.context.ContextLoader]Root WebApplicationContext: initialization started
[INFO] [2016-03-21 15:28:03][org.springframework.web.context.support.XmlWebApplicationContext]Refreshing Root WebApplicationContext: startup date [Mon Mar 21 15:28:03 GMT+08:00 2016]; root of context hierarchy
[INFO] [2016-03-21 15:28:04][org.springframework.beans.factory.xml.XmlBeanDefinitionReader]Loading XML bean definitions from class path resource [spring-mybatis.xml]
[WARN] [2016-03-21 15:28:04][org.mybatis.spring.mapper.ClassPathMapperScanner]No MyBatis mapper was found in '[com.oep.ldw.dao]' package. Please check your configuration.
[INFO] [2016-03-21 15:28:04][org.springframework.beans.factory.config.PropertyPlaceholderConfigurer]Loading properties file from class path resource [jdbc.properties]
[INFO] [2016-03-21 15:28:04][org.springframework.web.context.ContextLoader]Root WebApplicationContext: initialization completed in 818 ms
[INFO] [2016-03-21 15:28:04][org.springframework.web.servlet.DispatcherServlet]FrameworkServlet 'SpringMVC': initialization started
[INFO] [2016-03-21 15:28:04][org.springframework.web.context.support.XmlWebApplicationContext]Refreshing WebApplicationContext for namespace 'SpringMVC-servlet': startup date [Mon Mar 21 15:28:04 GMT+08:00 2016]; parent: Root WebApplicationContext
[INFO] [2016-03-21 15:28:04][org.springframework.beans.factory.xml.XmlBeanDefinitionReader]Loading XML bean definitions from class path resource [spring-mvc.xml]
[INFO] [2016-03-21 15:28:05][org.springframework.web.servlet.DispatcherServlet]FrameworkServlet 'SpringMVC': initialization completed in 757 ms
[INFO] [2016-03-22 09:06:31][org.springframework.web.context.ContextLoader]Root WebApplicationContext: initialization started
[INFO] [2016-03-22 09:06:33][org.springframework.web.context.support.XmlWebApplicationContext]Refreshing Root WebApplicationContext: startup date [Tue Mar 22 09:06:33 GMT+08:00 2016]; root of context hierarchy
[INFO] [2016-03-22 09:06:33][org.springframework.beans.factory.xml.XmlBeanDefinitionReader]Loading XML bean definitions from class path resource [spring-mybatis.xml]
[WARN] [2016-03-22 09:06:36][org.mybatis.spring.mapper.ClassPathMapperScanner]No MyBatis mapper was found in '[com.oep.ldw.dao]' package. Please check your configuration.
[INFO] [2016-03-22 09:06:36][org.springframework.beans.factory.config.PropertyPlaceholderConfigurer]Loading properties file from class path resource [jdbc.properties]
[INFO] [2016-03-22 09:06:37][org.springframework.web.context.ContextLoader]Root WebApplicationContext: initialization completed in 5463 ms
[INFO] [2016-03-22 09:06:37][org.springframework.web.servlet.DispatcherServlet]FrameworkServlet 'SpringMVC': initialization started
[INFO] [2016-03-22 09:06:37][org.springframework.web.context.support.XmlWebApplicationContext]Refreshing WebApplicationContext for namespace 'SpringMVC-servlet': startup date [Tue Mar 22 09:06:37 GMT+08:00 2016]; parent: Root WebApplicationContext
[INFO] [2016-03-22 09:06:37][org.springframework.beans.factory.xml.XmlBeanDefinitionReader]Loading XML bean definitions from class path resource [spring-mvc.xml]
[INFO] [2016-03-22 09:06:48][org.springframework.web.servlet.DispatcherServlet]FrameworkServlet 'SpringMVC': initialization completed in 10822 ms
[INFO] [2016-03-22 10:57:38][org.springframework.web.context.ContextLoader]Root WebApplicationContext: initialization started
[INFO] [2016-03-22 10:57:38][org.springframework.web.context.support.XmlWebApplicationContext]Refreshing Root WebApplicationContext: startup date [Tue Mar 22 10:57:38 GMT+08:00 2016]; root of context hierarchy
[INFO] [2016-03-22 10:57:38][org.springframework.beans.factory.xml.XmlBeanDefinitionReader]Loading XML bean definitions from class path resource [spring-mybatis.xml]
[WARN] [2016-03-22 10:57:39][org.mybatis.spring.mapper.ClassPathMapperScanner]No MyBatis mapper was found in '[com.oep.ldw.dao]' package. Please check your configuration.
[INFO] [2016-03-22 10:57:39][org.springframework.beans.factory.config.PropertyPlaceholderConfigurer]Loading properties file from class path resource [jdbc.properties]
[INFO] [2016-03-22 10:57:40][org.springframework.web.context.ContextLoader]Root WebApplicationContext: initialization completed in 1736 ms
[INFO] [2016-03-22 10:57:40][org.springframework.web.servlet.DispatcherServlet]FrameworkServlet 'SpringMVC': initialization started
[INFO] [2016-03-22 10:57:40][org.springframework.web.context.support.XmlWebApplicationContext]Refreshing WebApplicationContext for namespace 'SpringMVC-servlet': startup date [Tue Mar 22 10:57:40 GMT+08:00 2016]; parent: Root WebApplicationContext
[INFO] [2016-03-22 10:57:40][org.springframework.beans.factory.xml.XmlBeanDefinitionReader]Loading XML bean definitions from class path resource [spring-mvc.xml]
[INFO] [2016-03-22 10:57:41][org.springframework.web.servlet.DispatcherServlet]FrameworkServlet 'SpringMVC': initialization completed in 1470 ms
[INFO] [2016-03-23 09:35:09][org.springframework.web.context.ContextLoader]Root WebApplicationContext: initialization started
[INFO] [2016-03-23 09:35:09][org.springframework.web.context.support.XmlWebApplicationContext]Refreshing Root WebApplicationContext: startup date [Wed Mar 23 09:35:09 GMT+08:00 2016]; root of context hierarchy
[INFO] [2016-03-23 09:35:09][org.springframework.beans.factory.xml.XmlBeanDefinitionReader]Loading XML bean definitions from class path resource [spring-mybatis.xml]
[WARN] [2016-03-23 09:35:11][org.mybatis.spring.mapper.ClassPathMapperScanner]No MyBatis mapper was found in '[com.oep.ldw.dao]' package. Please check your configuration.
[INFO] [2016-03-23 09:35:11][org.springframework.beans.factory.config.PropertyPlaceholderConfigurer]Loading properties file from class path resource [jdbc.properties]
[INFO] [2016-03-23 09:35:12][org.springframework.web.context.ContextLoader]Root WebApplicationContext: initialization completed in 2873 ms
[INFO] [2016-03-23 09:35:12][org.springframework.web.servlet.DispatcherServlet]FrameworkServlet 'SpringMVC': initialization started
[INFO] [2016-03-23 09:35:12][org.springframework.web.context.support.XmlWebApplicationContext]Refreshing WebApplicationContext for namespace 'SpringMVC-servlet': startup date [Wed Mar 23 09:35:12 GMT+08:00 2016]; parent: Root WebApplicationContext
[INFO] [2016-03-23 09:35:12][org.springframework.beans.factory.xml.XmlBeanDefinitionReader]Loading XML bean definitions from class path resource [spring-mvc.xml]
[INFO] [2016-03-23 09:35:15][org.springframework.web.servlet.DispatcherServlet]FrameworkServlet 'SpringMVC': initialization completed in 3140 ms
[INFO] [2016-03-23 14:17:35][org.springframework.web.context.ContextLoader]Root WebApplicationContext: initialization started
[INFO] [2016-03-23 14:17:35][org.springframework.web.context.support.XmlWebApplicationContext]Refreshing Root WebApplicationContext: startup date [Wed Mar 23 14:17:35 GMT+08:00 2016]; root of context hierarchy
[INFO] [2016-03-23 14:17:36][org.springframework.beans.factory.xml.XmlBeanDefinitionReader]Loading XML bean definitions from class path resource [spring-mybatis.xml]
[WARN] [2016-03-23 14:17:37][org.mybatis.spring.mapper.ClassPathMapperScanner]No MyBatis mapper was found in '[com.oep.ldw.dao]' package. Please check your configuration.
[INFO] [2016-03-23 14:17:37][org.springframework.beans.factory.config.PropertyPlaceholderConfigurer]Loading properties file from class path resource [jdbc.properties]
[INFO] [2016-03-23 14:17:37][org.springframework.web.context.ContextLoader]Root WebApplicationContext: initialization completed in 2474 ms
[INFO] [2016-03-23 14:17:38][org.springframework.web.servlet.DispatcherServlet]FrameworkServlet 'SpringMVC': initialization started
[INFO] [2016-03-23 14:17:38][org.springframework.web.context.support.XmlWebApplicationContext]Refreshing WebApplicationContext for namespace 'SpringMVC-servlet': startup date [Wed Mar 23 14:17:38 GMT+08:00 2016]; parent: Root WebApplicationContext
[INFO] [2016-03-23 14:17:38][org.springframework.beans.factory.xml.XmlBeanDefinitionReader]Loading XML bean definitions from class path resource [spring-mvc.xml]
[INFO] [2016-03-23 14:17:40][org.springframework.web.servlet.DispatcherServlet]FrameworkServlet 'SpringMVC': initialization completed in 1967 ms
[INFO] [2016-03-23 16:10:08][org.springframework.web.context.ContextLoader]Root WebApplicationContext: initialization started
[INFO] [2016-03-23 16:10:08][org.springframework.web.context.support.XmlWebApplicationContext]Refreshing Root WebApplicationContext: startup date [Wed Mar 23 16:10:08 GMT+08:00 2016]; root of context hierarchy
[INFO] [2016-03-23 16:10:08][org.springframework.beans.factory.xml.XmlBeanDefinitionReader]Loading XML bean definitions from class path resource [spring-mybatis.xml]
[WARN] [2016-03-23 16:10:09][org.mybatis.spring.mapper.ClassPathMapperScanner]No MyBatis mapper was found in '[com.oep.ldw.dao]' package. Please check your configuration.
[INFO] [2016-03-23 16:10:09][org.springframework.beans.factory.config.PropertyPlaceholderConfigurer]Loading properties file from class path resource [jdbc.properties]
[INFO] [2016-03-23 16:10:09][org.springframework.web.context.ContextLoader]Root WebApplicationContext: initialization completed in 1141 ms
[INFO] [2016-03-23 16:10:09][org.springframework.web.servlet.DispatcherServlet]FrameworkServlet 'SpringMVC': initialization started
[INFO] [2016-03-23 16:10:09][org.springframework.web.context.support.XmlWebApplicationContext]Refreshing WebApplicationContext for namespace 'SpringMVC-servlet': startup date [Wed Mar 23 16:10:09 GMT+08:00 2016]; parent: Root WebApplicationContext
[INFO] [2016-03-23 16:10:09][org.springframework.beans.factory.xml.XmlBeanDefinitionReader]Loading XML bean definitions from class path resource [spring-mvc.xml]
[INFO] [2016-03-23 16:10:10][org.springframework.web.servlet.DispatcherServlet]FrameworkServlet 'SpringMVC': initialization completed in 900 ms
[INFO] [2016-03-23 16:16:40][org.springframework.web.context.ContextLoader]Root WebApplicationContext: initialization started
[INFO] [2016-03-23 16:16:40][org.springframework.web.context.support.XmlWebApplicationContext]Refreshing Root WebApplicationContext: startup date [Wed Mar 23 16:16:40 GMT+08:00 2016]; root of context hierarchy
[INFO] [2016-03-23 16:16:40][org.springframework.beans.factory.xml.XmlBeanDefinitionReader]Loading XML bean definitions from class path resource [spring-mybatis.xml]
[WARN] [2016-03-23 16:16:41][org.mybatis.spring.mapper.ClassPathMapperScanner]No MyBatis mapper was found in '[com.oep.ldw.dao]' package. Please check your configuration.
[INFO] [2016-03-23 16:16:41][org.springframework.beans.factory.config.PropertyPlaceholderConfigurer]Loading properties file from class path resource [jdbc.properties]
[INFO] [2016-03-23 16:16:41][org.springframework.web.context.ContextLoader]Root WebApplicationContext: initialization completed in 1428 ms
[INFO] [2016-03-23 16:16:41][org.springframework.web.servlet.DispatcherServlet]FrameworkServlet 'SpringMVC': initialization started
[INFO] [2016-03-23 16:16:41][org.springframework.web.context.support.XmlWebApplicationContext]Refreshing WebApplicationContext for namespace 'SpringMVC-servlet': startup date [Wed Mar 23 16:16:41 GMT+08:00 2016]; parent: Root WebApplicationContext
[INFO] [2016-03-23 16:16:41][org.springframework.beans.factory.xml.XmlBeanDefinitionReader]Loading XML bean definitions from class path resource [spring-mvc.xml]
[INFO] [2016-03-23 16:16:42][org.springframework.web.servlet.DispatcherServlet]FrameworkServlet 'SpringMVC': initialization completed in 1151 ms
